[2025-08-07 12:31:00] [INFO] [actions] — Приложение запущено.
[2025-08-07 12:44:31] [INFO] [actions] — Приложение запущено.
[2025-08-07 12:56:05] [INFO] [actions] — Приложение запущено.
[2025-08-07 12:56:58] [INFO] [actions] — Приложение запущено.
[2025-08-07 13:00:12] [INFO] [actions] — Пользователь user1 вошел в систему
[2025-08-07 13:01:16] [INFO] [actions] — Приложение запущено.
[2025-08-07 13:01:44] [INFO] [actions] — Приложение запущено.
[2025-08-07 13:02:14] [INFO] [actions] — Приложение запущено.
[2025-08-07 13:02:40] [INFO] [actions] — Приложение запущено.
[2025-08-07 13:08:35] [INFO] [actions] — Приложение запущено.
[2025-08-07 13:08:49] [INFO] [actions] — Приложение запущено.
[2025-08-07 13:11:06] [INFO] [actions] — Попытка обновления файла 54 пользователем 1 (админ: True)
[2025-08-07 13:11:06] [INFO] [actions] — Данные для обновления: {'original_filename': 'Положение по налогам.doc', 'doc_number': '2', 'doc_type_id': None, 'responsible_id': 3, 'permanent': True, 'valid_until': None}
[2025-08-07 13:11:06] [INFO] [actions] — Файл найден. Владелец: 4, Текущий пользователь: 1
[2025-08-07 13:11:06] [INFO] [actions] — Пользователь 1 обновил файл: Положение по налогам.doc
[2025-08-07 13:11:12] [INFO] [actions] — Попытка обновления файла 54 пользователем 1 (админ: True)
[2025-08-07 13:11:12] [INFO] [actions] — Данные для обновления: {'original_filename': 'Положение по налогам.doc', 'doc_number': '22', 'doc_type_id': None, 'responsible_id': 3, 'permanent': True, 'valid_until': None}
[2025-08-07 13:11:12] [INFO] [actions] — Файл найден. Владелец: 4, Текущий пользователь: 1
[2025-08-07 13:11:12] [INFO] [actions] — Пользователь 1 обновил файл: Положение по налогам.doc
[2025-08-07 13:11:15] [INFO] [actions] — Попытка обновления файла 54 пользователем 1 (админ: True)
[2025-08-07 13:11:15] [INFO] [actions] — Данные для обновления: {'original_filename': 'Положение по налогам.doc', 'doc_number': '2', 'doc_type_id': None, 'responsible_id': 3, 'permanent': True, 'valid_until': None}
[2025-08-07 13:11:15] [INFO] [actions] — Файл найден. Владелец: 4, Текущий пользователь: 1
[2025-08-07 13:11:15] [INFO] [actions] — Пользователь 1 обновил файл: Положение по налогам.doc
[2025-08-07 13:12:05] [INFO] [actions] — Пользователь user3 вошел в систему
[2025-08-07 13:12:24] [INFO] [actions] — Пользователь 3 вышел из системы
[2025-08-07 13:26:57] [INFO] [actions] — Пользователь user1 вошел в систему
[2025-08-07 13:30:37] [INFO] [actions] — Пользователь 1 вышел из системы
[2025-08-07 13:34:39] [INFO] [actions] — Приложение запущено.
[2025-08-07 13:35:04] [INFO] [actions] — Приложение запущено.
[2025-08-07 13:35:44] [INFO] [actions] — Приложение запущено.
[2025-08-07 13:35:51] [INFO] [actions] — Приложение запущено.
[2025-08-07 13:35:54] [INFO] [actions] — Приложение запущено.
[2025-08-07 13:37:42] [INFO] [actions] — Приложение запущено.
[2025-08-07 13:38:42] [INFO] [actions] — Приложение запущено.
[2025-08-07 13:38:47] [INFO] [actions] — Приложение запущено.
[2025-08-07 13:39:42] [INFO] [actions] — Пользователь user1 вошел в систему
[2025-08-07 13:39:53] [INFO] [actions] — Приложение запущено.
[2025-08-07 13:40:50] [INFO] [actions] — Пользователь user1 вошел в систему
[2025-08-07 13:41:22] [INFO] [actions] — Пользователь 1 обновил информацию о пользователе 3
[2025-08-07 13:41:33] [INFO] [actions] — Пользователь 1 обновил информацию о пользователе 3
[2025-08-07 13:44:29] [INFO] [actions] — Приложение запущено.
[2025-08-07 13:44:42] [INFO] [actions] — Приложение запущено.
[2025-08-07 13:46:25] [INFO] [actions] — Приложение запущено.
[2025-08-07 13:47:16] [INFO] [actions] — Пользователь 1 вышел из системы
