
> dev
> nuxt dev

[nuxi] Nuxt 3.17.7 with Nitro 2.12.4

  ➜ Local:    http://localhost:3000/
  ➜ Network:  use --host to expose

  ➜ DevTools: press Shift + Option + D in the browser (v2.6.2)

✔ Vite client built in 18ms
✔ Vite server built in 563ms
[nitro] ✔ Nuxt Nitro server built in 1165ms
ℹ Vite client warmed up in 1ms
ℹ page reload nuxt.config.ts
ℹ nuxt.config.ts updated. Restarting Nuxt...
  ➜ DevTools: press Shift + Option + D in the browser (v2.6.2)

✔ Vite client built in 13ms
✔ Vite server built in 399ms
[nitro] ✔ Nuxt Nitro server built in 1015ms
ℹ Vite client warmed up in 1ms
ℹ page reload components/MiniTableMyFiles.vue
ℹ page reload components/MiniTableInWorkFiles.vue
ℹ hmr update /pages/admin_panel.vue?macro=true, /@id/virtual:nuxt:%2FUsers%2Fburningmannn%2FDesktop%2Fsite%2Fserver_front%2F.nuxt%2Froutes.mjs
ℹ page reload components/MiniTableMyFiles.vue
ℹ hmr update /components/Table.vue, /assets/css/main.css
ℹ hmr update /pages/admin_panel.vue?macro=true, /@id/virtual:nuxt:%2FUsers%2Fburningmannn%2FDesktop%2Fsite%2Fserver_front%2F.nuxt%2Froutes.mjs
ℹ page reload components/MiniTableInWorkFiles.vue
ℹ hmr update /pages/admin_panel.vue?macro=true, /@id/virtual:nuxt:%2FUsers%2Fburningmannn%2FDesktop%2Fsite%2Fserver_front%2F.nuxt%2Froutes.mjs
ℹ hmr update /pages/admin_panel.vue?macro=true, /@id/virtual:nuxt:%2FUsers%2Fburningmannn%2FDesktop%2Fsite%2Fserver_front%2F.nuxt%2Froutes.mjs (x2)
ℹ hmr update /pages/admin_panel.vue?macro=true, /@id/virtual:nuxt:%2FUsers%2Fburningmannn%2FDesktop%2Fsite%2Fserver_front%2F.nuxt%2Froutes.mjs (x3)
ℹ hmr update /pages/admin_panel.vue?macro=true, /@id/virtual:nuxt:%2FUsers%2Fburningmannn%2FDesktop%2Fsite%2Fserver_front%2F.nuxt%2Froutes.mjs (x4)
ℹ ✨ new dependencies optimized: primevue/toggleswitch, primevue/dropdown, primevue/confirmdialog, primevue/useconfirm
ℹ ✨ optimized dependencies changed. reloading
ℹ ✨ new dependencies optimized: primevue/toast, primevue/card
ℹ ✨ optimized dependencies changed. reloading
ℹ ✨ new dependencies optimized: primevue/tag, primevue/checkbox, primevue/dialog, primevue/iconfield, primevue/inputicon, primevue/tooltip
ℹ ✨ optimized dependencies changed. reloading
ℹ page reload middleware/auth.ts
ℹ page reload virtual:nuxt:%2FUsers%2Fburningmannn%2FDesktop%2Fsite%2Fserver_front%2F.nuxt%2Fplugins.client.mjs
ℹ page reload plugins/api-error-handler.client.ts
ℹ page reload stores/notification.js
ℹ page reload plugins/auth-check.client.ts
ℹ page reload stores/auth.ts
ℹ page reload stores/auth.ts (x2)
ℹ page reload stores/notification.js
ℹ page reload plugins/api-error-handler.client.ts
ℹ page reload plugins/auth-check.client.ts
ℹ page reload middleware/auth.ts
ℹ hmr update /pages/admin_panel.vue, /assets/css/main.css, /pages/admin_panel.vue?macro=true, /@id/virtual:nuxt:%2FUsers%2Fburningmannn%2FDesktop%2Fsite%2Fserver_front%2F.nuxt%2Froutes.mjs

 ERROR  Internal server error: Element is missing end tag.
  Plugin: vite:vue
  File: /Users/burningmannn/Desktop/site/server_front/pages/admin_panel.vue:458:11
  456|        <div class="mb-8">
  457|          <TabView v-model:activeIndex="activeTab" class="custom-tabview">
  458|            <TabPanel header="Справочники">
     |             ^
  459|              <template #header>
  460|                <div class="flex items-center gap-2">
      at createCompilerError (/Users/burningmannn/Desktop/site/server_front/node_modules/@vue/compiler-core/dist/compiler-core.cjs.js:1364:17)
      at emitError (/Users/burningmannn/Desktop/site/server_front/node_modules/@vue/compiler-core/dist/compiler-core.cjs.js:2956:5)
      at Object.onclosetag (/Users/burningmannn/Desktop/site/server_front/node_modules/@vue/compiler-core/dist/compiler-core.cjs.js:2315:13)
      at Tokenizer.stateInClosingTagName (/Users/burningmannn/Desktop/site/server_front/node_modules/@vue/compiler-core/dist/compiler-core.cjs.js:785:16)
      at Tokenizer.parse (/Users/burningmannn/Desktop/site/server_front/node_modules/@vue/compiler-core/dist/compiler-core.cjs.js:1143:16)
      at Object.baseParse (/Users/burningmannn/Desktop/site/server_front/node_modules/@vue/compiler-core/dist/compiler-core.cjs.js:2995:13)
      at Object.parse (/Users/burningmannn/Desktop/site/server_front/node_modules/@vue/compiler-dom/dist/compiler-dom.cjs.js:907:23)
      at Object.parse$1 [as parse] (/Users/burningmannn/Desktop/site/server_front/node_modules/@vue/compiler-sfc/dist/compiler-sfc.cjs.js:1801:24)
      at createDescriptor (file:///Users/burningmannn/Desktop/site/server_front/node_modules/@vitejs/plugin-vue/dist/index.mjs:71:43)
      at handleHotUpdate (file:///Users/burningmannn/Desktop/site/server_front/node_modules/@vitejs/plugin-vue/dist/index.mjs:2198:26)


 ERROR  Internal server error: Element is missing end tag.
  Plugin: vite:vue
  File: /Users/burningmannn/Desktop/site/server_front/pages/admin_panel.vue:458:11
  456|        <div class="mb-8">
  457|          <TabView v-model:activeIndex="activeTab" class="custom-tabview">
  458|            <TabPanel header="Справочники">
     |             ^
  459|              <template #header>
  460|                <div class="flex items-center gap-2">
      at createCompilerError (/Users/burningmannn/Desktop/site/server_front/node_modules/@vue/compiler-core/dist/compiler-core.cjs.js:1364:17)
      at emitError (/Users/burningmannn/Desktop/site/server_front/node_modules/@vue/compiler-core/dist/compiler-core.cjs.js:2956:5)
      at Object.onclosetag (/Users/burningmannn/Desktop/site/server_front/node_modules/@vue/compiler-core/dist/compiler-core.cjs.js:2315:13)
      at Tokenizer.stateInClosingTagName (/Users/burningmannn/Desktop/site/server_front/node_modules/@vue/compiler-core/dist/compiler-core.cjs.js:785:16)
      at Tokenizer.parse (/Users/burningmannn/Desktop/site/server_front/node_modules/@vue/compiler-core/dist/compiler-core.cjs.js:1143:16)
      at Object.baseParse (/Users/burningmannn/Desktop/site/server_front/node_modules/@vue/compiler-core/dist/compiler-core.cjs.js:2995:13)
      at Object.parse (/Users/burningmannn/Desktop/site/server_front/node_modules/@vue/compiler-dom/dist/compiler-dom.cjs.js:907:23)
      at Object.parse$1 [as parse] (/Users/burningmannn/Desktop/site/server_front/node_modules/@vue/compiler-sfc/dist/compiler-sfc.cjs.js:1801:24)
      at createDescriptor (file:///Users/burningmannn/Desktop/site/server_front/node_modules/@vitejs/plugin-vue/dist/index.mjs:71:43)
      at handleHotUpdate (file:///Users/burningmannn/Desktop/site/server_front/node_modules/@vitejs/plugin-vue/dist/index.mjs:2198:26) (x2)


 ERROR  Pre-transform error: Element is missing end tag.
  Plugin: vite:vue
  File: /Users/burningmannn/Desktop/site/server_front/pages/admin_panel.vue:458:11
  456|        <div class="mb-8">
  457|          <TabView v-model:activeIndex="activeTab" class="custom-tabview">
  458|            <TabPanel header="Справочники">
     |             ^
  459|              <template #header>
  460|                <div class="flex items-center gap-2">

ℹ hmr update /pages/admin_panel.vue?macro=true, /@id/virtual:nuxt:%2FUsers%2Fburningmannn%2FDesktop%2Fsite%2Fserver_front%2F.nuxt%2Froutes.mjs

 ERROR  Internal server error: Element is missing end tag.
  Plugin: vite:vue
  File: /Users/burningmannn/Desktop/site/server_front/pages/admin_panel.vue:458:11
  456|        <div class="mb-8">
  457|          <TabView v-model:activeIndex="activeTab" class="custom-tabview">
  458|            <TabPanel header="Справочники">
     |             ^
  459|              <template #header>
  460|                <div class="flex items-center gap-2">
      at createCompilerError (/Users/burningmannn/Desktop/site/server_front/node_modules/@vue/compiler-core/dist/compiler-core.cjs.js:1364:17)
      at emitError (/Users/burningmannn/Desktop/site/server_front/node_modules/@vue/compiler-core/dist/compiler-core.cjs.js:2956:5)
      at Object.onclosetag (/Users/burningmannn/Desktop/site/server_front/node_modules/@vue/compiler-core/dist/compiler-core.cjs.js:2315:13)
      at Tokenizer.stateInClosingTagName (/Users/burningmannn/Desktop/site/server_front/node_modules/@vue/compiler-core/dist/compiler-core.cjs.js:785:16)
      at Tokenizer.parse (/Users/burningmannn/Desktop/site/server_front/node_modules/@vue/compiler-core/dist/compiler-core.cjs.js:1143:16)
      at Object.baseParse (/Users/burningmannn/Desktop/site/server_front/node_modules/@vue/compiler-core/dist/compiler-core.cjs.js:2995:13)
      at Object.parse (/Users/burningmannn/Desktop/site/server_front/node_modules/@vue/compiler-dom/dist/compiler-dom.cjs.js:907:23)
      at Object.parse$1 [as parse] (/Users/burningmannn/Desktop/site/server_front/node_modules/@vue/compiler-sfc/dist/compiler-sfc.cjs.js:1801:24)
      at createDescriptor (file:///Users/burningmannn/Desktop/site/server_front/node_modules/@vitejs/plugin-vue/dist/index.mjs:71:43)
      at handleHotUpdate (file:///Users/burningmannn/Desktop/site/server_front/node_modules/@vitejs/plugin-vue/dist/index.mjs:2198:26)


 ERROR  Internal server error: Element is missing end tag.
  Plugin: vite:vue
  File: /Users/burningmannn/Desktop/site/server_front/pages/admin_panel.vue:458:11
  456|        <div class="mb-8">
  457|          <TabView v-model:activeIndex="activeTab" class="custom-tabview">
  458|            <TabPanel header="Справочники">
     |             ^
  459|              <template #header>
  460|                <div class="flex items-center gap-2">
      at createCompilerError (/Users/burningmannn/Desktop/site/server_front/node_modules/@vue/compiler-core/dist/compiler-core.cjs.js:1364:17)
      at emitError (/Users/burningmannn/Desktop/site/server_front/node_modules/@vue/compiler-core/dist/compiler-core.cjs.js:2956:5)
      at Object.onclosetag (/Users/burningmannn/Desktop/site/server_front/node_modules/@vue/compiler-core/dist/compiler-core.cjs.js:2315:13)
      at Tokenizer.stateInClosingTagName (/Users/burningmannn/Desktop/site/server_front/node_modules/@vue/compiler-core/dist/compiler-core.cjs.js:785:16)
      at Tokenizer.parse (/Users/burningmannn/Desktop/site/server_front/node_modules/@vue/compiler-core/dist/compiler-core.cjs.js:1143:16)
      at Object.baseParse (/Users/burningmannn/Desktop/site/server_front/node_modules/@vue/compiler-core/dist/compiler-core.cjs.js:2995:13)
      at Object.parse (/Users/burningmannn/Desktop/site/server_front/node_modules/@vue/compiler-dom/dist/compiler-dom.cjs.js:907:23)
      at Object.parse$1 [as parse] (/Users/burningmannn/Desktop/site/server_front/node_modules/@vue/compiler-sfc/dist/compiler-sfc.cjs.js:1801:24)
      at createDescriptor (file:///Users/burningmannn/Desktop/site/server_front/node_modules/@vitejs/plugin-vue/dist/index.mjs:71:43)
      at handleHotUpdate (file:///Users/burningmannn/Desktop/site/server_front/node_modules/@vitejs/plugin-vue/dist/index.mjs:2198:26) (x2)


 ERROR  Pre-transform error: Element is missing end tag.
  Plugin: vite:vue
  File: /Users/burningmannn/Desktop/site/server_front/pages/admin_panel.vue:458:11
  456|        <div class="mb-8">
  457|          <TabView v-model:activeIndex="activeTab" class="custom-tabview">
  458|            <TabPanel header="Справочники">
     |             ^
  459|              <template #header>
  460|                <div class="flex items-center gap-2">


 ERROR  Internal server error: Element is missing end tag.
  Plugin: vite:vue
  File: /Users/burningmannn/Desktop/site/server_front/pages/admin_panel.vue:458:11
  456|        <div class="mb-8">
  457|          <TabView v-model:activeIndex="activeTab" class="custom-tabview">
  458|            <TabPanel header="Справочники">
     |             ^
  459|              <template #header>
  460|                <div class="flex items-center gap-2">
      at createCompilerError (/Users/burningmannn/Desktop/site/server_front/node_modules/@vue/compiler-core/dist/compiler-core.cjs.js:1364:17)
      at emitError (/Users/burningmannn/Desktop/site/server_front/node_modules/@vue/compiler-core/dist/compiler-core.cjs.js:2956:5)
      at Object.onclosetag (/Users/burningmannn/Desktop/site/server_front/node_modules/@vue/compiler-core/dist/compiler-core.cjs.js:2315:13)
      at Tokenizer.stateInClosingTagName (/Users/burningmannn/Desktop/site/server_front/node_modules/@vue/compiler-core/dist/compiler-core.cjs.js:785:16)
      at Tokenizer.parse (/Users/burningmannn/Desktop/site/server_front/node_modules/@vue/compiler-core/dist/compiler-core.cjs.js:1143:16)
      at Object.baseParse (/Users/burningmannn/Desktop/site/server_front/node_modules/@vue/compiler-core/dist/compiler-core.cjs.js:2995:13)
      at Object.parse (/Users/burningmannn/Desktop/site/server_front/node_modules/@vue/compiler-dom/dist/compiler-dom.cjs.js:907:23)
      at Object.parse$1 [as parse] (/Users/burningmannn/Desktop/site/server_front/node_modules/@vue/compiler-sfc/dist/compiler-sfc.cjs.js:1801:24)
      at createDescriptor (file:///Users/burningmannn/Desktop/site/server_front/node_modules/@vitejs/plugin-vue/dist/index.mjs:71:43)
      at handleHotUpdate (file:///Users/burningmannn/Desktop/site/server_front/node_modules/@vitejs/plugin-vue/dist/index.mjs:2198:26)

ℹ hmr update /pages/admin_panel.vue, /assets/css/main.css, /pages/admin_panel.vue?macro=true, /@id/virtual:nuxt:%2FUsers%2Fburningmannn%2FDesktop%2Fsite%2Fserver_front%2F.nuxt%2Froutes.mjs

 ERROR  Internal server error: Element is missing end tag.
  Plugin: vite:vue
  File: /Users/burningmannn/Desktop/site/server_front/pages/admin_panel.vue:461:11
  459|        <div class="mb-8">
  460|          <TabView v-model:activeIndex="activeTab" class="custom-tabview">
  461|            <TabPanel header="Справочники">
     |             ^
  462|              <template #header>
  463|                <div class="flex items-center gap-2">
      at createCompilerError (/Users/burningmannn/Desktop/site/server_front/node_modules/@vue/compiler-core/dist/compiler-core.cjs.js:1364:17)
      at emitError (/Users/burningmannn/Desktop/site/server_front/node_modules/@vue/compiler-core/dist/compiler-core.cjs.js:2956:5)
      at Object.onclosetag (/Users/burningmannn/Desktop/site/server_front/node_modules/@vue/compiler-core/dist/compiler-core.cjs.js:2315:13)
      at Tokenizer.stateInClosingTagName (/Users/burningmannn/Desktop/site/server_front/node_modules/@vue/compiler-core/dist/compiler-core.cjs.js:785:16)
      at Tokenizer.parse (/Users/burningmannn/Desktop/site/server_front/node_modules/@vue/compiler-core/dist/compiler-core.cjs.js:1143:16)
      at Object.baseParse (/Users/burningmannn/Desktop/site/server_front/node_modules/@vue/compiler-core/dist/compiler-core.cjs.js:2995:13)
      at Object.parse (/Users/burningmannn/Desktop/site/server_front/node_modules/@vue/compiler-dom/dist/compiler-dom.cjs.js:907:23)
      at Object.parse$1 [as parse] (/Users/burningmannn/Desktop/site/server_front/node_modules/@vue/compiler-sfc/dist/compiler-sfc.cjs.js:1801:24)
      at createDescriptor (file:///Users/burningmannn/Desktop/site/server_front/node_modules/@vitejs/plugin-vue/dist/index.mjs:71:43)
      at handleHotUpdate (file:///Users/burningmannn/Desktop/site/server_front/node_modules/@vitejs/plugin-vue/dist/index.mjs:2198:26)


 ERROR  Internal server error: Element is missing end tag.
  Plugin: vite:vue
  File: /Users/burningmannn/Desktop/site/server_front/pages/admin_panel.vue:461:11
  459|        <div class="mb-8">
  460|          <TabView v-model:activeIndex="activeTab" class="custom-tabview">
  461|            <TabPanel header="Справочники">
     |             ^
  462|              <template #header>
  463|                <div class="flex items-center gap-2">
      at createCompilerError (/Users/burningmannn/Desktop/site/server_front/node_modules/@vue/compiler-core/dist/compiler-core.cjs.js:1364:17)
      at emitError (/Users/burningmannn/Desktop/site/server_front/node_modules/@vue/compiler-core/dist/compiler-core.cjs.js:2956:5)
      at Object.onclosetag (/Users/burningmannn/Desktop/site/server_front/node_modules/@vue/compiler-core/dist/compiler-core.cjs.js:2315:13)
      at Tokenizer.stateInClosingTagName (/Users/burningmannn/Desktop/site/server_front/node_modules/@vue/compiler-core/dist/compiler-core.cjs.js:785:16)
      at Tokenizer.parse (/Users/burningmannn/Desktop/site/server_front/node_modules/@vue/compiler-core/dist/compiler-core.cjs.js:1143:16)
      at Object.baseParse (/Users/burningmannn/Desktop/site/server_front/node_modules/@vue/compiler-core/dist/compiler-core.cjs.js:2995:13)
      at Object.parse (/Users/burningmannn/Desktop/site/server_front/node_modules/@vue/compiler-dom/dist/compiler-dom.cjs.js:907:23)
      at Object.parse$1 [as parse] (/Users/burningmannn/Desktop/site/server_front/node_modules/@vue/compiler-sfc/dist/compiler-sfc.cjs.js:1801:24)
      at createDescriptor (file:///Users/burningmannn/Desktop/site/server_front/node_modules/@vitejs/plugin-vue/dist/index.mjs:71:43)
      at handleHotUpdate (file:///Users/burningmannn/Desktop/site/server_front/node_modules/@vitejs/plugin-vue/dist/index.mjs:2198:26) (x2)


 ERROR  Pre-transform error: Element is missing end tag.
  Plugin: vite:vue
  File: /Users/burningmannn/Desktop/site/server_front/pages/admin_panel.vue:461:11
  459|        <div class="mb-8">
  460|          <TabView v-model:activeIndex="activeTab" class="custom-tabview">
  461|            <TabPanel header="Справочники">
     |             ^
  462|              <template #header>
  463|                <div class="flex items-center gap-2">


 ERROR  Internal server error: Element is missing end tag.
  Plugin: vite:vue
  File: /Users/burningmannn/Desktop/site/server_front/pages/admin_panel.vue:461:11
  459|        <div class="mb-8">
  460|          <TabView v-model:activeIndex="activeTab" class="custom-tabview">
  461|            <TabPanel header="Справочники">
     |             ^
  462|              <template #header>
  463|                <div class="flex items-center gap-2">
      at createCompilerError (/Users/burningmannn/Desktop/site/server_front/node_modules/@vue/compiler-core/dist/compiler-core.cjs.js:1364:17)
      at emitError (/Users/burningmannn/Desktop/site/server_front/node_modules/@vue/compiler-core/dist/compiler-core.cjs.js:2956:5)
      at Object.onclosetag (/Users/burningmannn/Desktop/site/server_front/node_modules/@vue/compiler-core/dist/compiler-core.cjs.js:2315:13)
      at Tokenizer.stateInClosingTagName (/Users/burningmannn/Desktop/site/server_front/node_modules/@vue/compiler-core/dist/compiler-core.cjs.js:785:16)
      at Tokenizer.parse (/Users/burningmannn/Desktop/site/server_front/node_modules/@vue/compiler-core/dist/compiler-core.cjs.js:1143:16)
      at Object.baseParse (/Users/burningmannn/Desktop/site/server_front/node_modules/@vue/compiler-core/dist/compiler-core.cjs.js:2995:13)
      at Object.parse (/Users/burningmannn/Desktop/site/server_front/node_modules/@vue/compiler-dom/dist/compiler-dom.cjs.js:907:23)
      at Object.parse$1 [as parse] (/Users/burningmannn/Desktop/site/server_front/node_modules/@vue/compiler-sfc/dist/compiler-sfc.cjs.js:1801:24)
      at createDescriptor (file:///Users/burningmannn/Desktop/site/server_front/node_modules/@vitejs/plugin-vue/dist/index.mjs:71:43)
      at handleHotUpdate (file:///Users/burningmannn/Desktop/site/server_front/node_modules/@vitejs/plugin-vue/dist/index.mjs:2198:26)

ℹ hmr update /pages/admin_panel.vue, /assets/css/main.css, /pages/admin_panel.vue?macro=true, /@id/virtual:nuxt:%2FUsers%2Fburningmannn%2FDesktop%2Fsite%2Fserver_front%2F.nuxt%2Froutes.mjs

 ERROR  Internal server error: Element is missing end tag.
  Plugin: vite:vue
  File: /Users/burningmannn/Desktop/site/server_front/pages/admin_panel.vue:461:11
  459|        <div class="mb-8">
  460|          <TabView v-model:activeIndex="activeTab" class="custom-tabview">
  461|            <TabPanel header="Справочники">
     |             ^
  462|              <template #header>
  463|                <div class="flex items-center gap-2">
      at createCompilerError (/Users/burningmannn/Desktop/site/server_front/node_modules/@vue/compiler-core/dist/compiler-core.cjs.js:1364:17)
      at emitError (/Users/burningmannn/Desktop/site/server_front/node_modules/@vue/compiler-core/dist/compiler-core.cjs.js:2956:5)
      at Object.onclosetag (/Users/burningmannn/Desktop/site/server_front/node_modules/@vue/compiler-core/dist/compiler-core.cjs.js:2315:13)
      at Tokenizer.stateInClosingTagName (/Users/burningmannn/Desktop/site/server_front/node_modules/@vue/compiler-core/dist/compiler-core.cjs.js:785:16)
      at Tokenizer.parse (/Users/burningmannn/Desktop/site/server_front/node_modules/@vue/compiler-core/dist/compiler-core.cjs.js:1143:16)
      at Object.baseParse (/Users/burningmannn/Desktop/site/server_front/node_modules/@vue/compiler-core/dist/compiler-core.cjs.js:2995:13)
      at Object.parse (/Users/burningmannn/Desktop/site/server_front/node_modules/@vue/compiler-dom/dist/compiler-dom.cjs.js:907:23)
      at Object.parse$1 [as parse] (/Users/burningmannn/Desktop/site/server_front/node_modules/@vue/compiler-sfc/dist/compiler-sfc.cjs.js:1801:24)
      at createDescriptor (file:///Users/burningmannn/Desktop/site/server_front/node_modules/@vitejs/plugin-vue/dist/index.mjs:71:43)
      at handleHotUpdate (file:///Users/burningmannn/Desktop/site/server_front/node_modules/@vitejs/plugin-vue/dist/index.mjs:2198:26)


 ERROR  Internal server error: Element is missing end tag.
  Plugin: vite:vue
  File: /Users/burningmannn/Desktop/site/server_front/pages/admin_panel.vue:461:11
  459|        <div class="mb-8">
  460|          <TabView v-model:activeIndex="activeTab" class="custom-tabview">
  461|            <TabPanel header="Справочники">
     |             ^
  462|              <template #header>
  463|                <div class="flex items-center gap-2">
      at createCompilerError (/Users/burningmannn/Desktop/site/server_front/node_modules/@vue/compiler-core/dist/compiler-core.cjs.js:1364:17)
      at emitError (/Users/burningmannn/Desktop/site/server_front/node_modules/@vue/compiler-core/dist/compiler-core.cjs.js:2956:5)
      at Object.onclosetag (/Users/burningmannn/Desktop/site/server_front/node_modules/@vue/compiler-core/dist/compiler-core.cjs.js:2315:13)
      at Tokenizer.stateInClosingTagName (/Users/burningmannn/Desktop/site/server_front/node_modules/@vue/compiler-core/dist/compiler-core.cjs.js:785:16)
      at Tokenizer.parse (/Users/burningmannn/Desktop/site/server_front/node_modules/@vue/compiler-core/dist/compiler-core.cjs.js:1143:16)
      at Object.baseParse (/Users/burningmannn/Desktop/site/server_front/node_modules/@vue/compiler-core/dist/compiler-core.cjs.js:2995:13)
      at Object.parse (/Users/burningmannn/Desktop/site/server_front/node_modules/@vue/compiler-dom/dist/compiler-dom.cjs.js:907:23)
      at Object.parse$1 [as parse] (/Users/burningmannn/Desktop/site/server_front/node_modules/@vue/compiler-sfc/dist/compiler-sfc.cjs.js:1801:24)
      at createDescriptor (file:///Users/burningmannn/Desktop/site/server_front/node_modules/@vitejs/plugin-vue/dist/index.mjs:71:43)
      at handleHotUpdate (file:///Users/burningmannn/Desktop/site/server_front/node_modules/@vitejs/plugin-vue/dist/index.mjs:2198:26) (x2)


 ERROR  Pre-transform error: Element is missing end tag.
  Plugin: vite:vue
  File: /Users/burningmannn/Desktop/site/server_front/pages/admin_panel.vue:461:11
  459|        <div class="mb-8">
  460|          <TabView v-model:activeIndex="activeTab" class="custom-tabview">
  461|            <TabPanel header="Справочники">
     |             ^
  462|              <template #header>
  463|                <div class="flex items-center gap-2">


 ERROR  Internal server error: Element is missing end tag.
  Plugin: vite:vue
  File: /Users/burningmannn/Desktop/site/server_front/pages/admin_panel.vue:461:11
  459|        <div class="mb-8">
  460|          <TabView v-model:activeIndex="activeTab" class="custom-tabview">
  461|            <TabPanel header="Справочники">
     |             ^
  462|              <template #header>
  463|                <div class="flex items-center gap-2">
      at createCompilerError (/Users/burningmannn/Desktop/site/server_front/node_modules/@vue/compiler-core/dist/compiler-core.cjs.js:1364:17)
      at emitError (/Users/burningmannn/Desktop/site/server_front/node_modules/@vue/compiler-core/dist/compiler-core.cjs.js:2956:5)
      at Object.onclosetag (/Users/burningmannn/Desktop/site/server_front/node_modules/@vue/compiler-core/dist/compiler-core.cjs.js:2315:13)
      at Tokenizer.stateInClosingTagName (/Users/burningmannn/Desktop/site/server_front/node_modules/@vue/compiler-core/dist/compiler-core.cjs.js:785:16)
      at Tokenizer.parse (/Users/burningmannn/Desktop/site/server_front/node_modules/@vue/compiler-core/dist/compiler-core.cjs.js:1143:16)
      at Object.baseParse (/Users/burningmannn/Desktop/site/server_front/node_modules/@vue/compiler-core/dist/compiler-core.cjs.js:2995:13)
      at Object.parse (/Users/burningmannn/Desktop/site/server_front/node_modules/@vue/compiler-dom/dist/compiler-dom.cjs.js:907:23)
      at Object.parse$1 [as parse] (/Users/burningmannn/Desktop/site/server_front/node_modules/@vue/compiler-sfc/dist/compiler-sfc.cjs.js:1801:24)
      at createDescriptor (file:///Users/burningmannn/Desktop/site/server_front/node_modules/@vitejs/plugin-vue/dist/index.mjs:71:43)
      at handleHotUpdate (file:///Users/burningmannn/Desktop/site/server_front/node_modules/@vitejs/plugin-vue/dist/index.mjs:2198:26)

ℹ hmr update /pages/admin_panel.vue, /assets/css/main.css, /pages/admin_panel.vue?macro=true, /@id/virtual:nuxt:%2FUsers%2Fburningmannn%2FDesktop%2Fsite%2Fserver_front%2F.nuxt%2Froutes.mjs

 ERROR  Internal server error: Element is missing end tag.
  Plugin: vite:vue
  File: /Users/burningmannn/Desktop/site/server_front/pages/admin_panel.vue:461:11
  459|        <div class="mb-8">
  460|          <TabView v-model:activeIndex="activeTab" class="custom-tabview">
  461|            <TabPanel header="Справочники">
     |             ^
  462|              <template #header>
  463|                <div class="flex items-center gap-2">
      at createCompilerError (/Users/burningmannn/Desktop/site/server_front/node_modules/@vue/compiler-core/dist/compiler-core.cjs.js:1364:17)
      at emitError (/Users/burningmannn/Desktop/site/server_front/node_modules/@vue/compiler-core/dist/compiler-core.cjs.js:2956:5)
      at Object.onclosetag (/Users/burningmannn/Desktop/site/server_front/node_modules/@vue/compiler-core/dist/compiler-core.cjs.js:2315:13)
      at Tokenizer.stateInClosingTagName (/Users/burningmannn/Desktop/site/server_front/node_modules/@vue/compiler-core/dist/compiler-core.cjs.js:785:16)
      at Tokenizer.parse (/Users/burningmannn/Desktop/site/server_front/node_modules/@vue/compiler-core/dist/compiler-core.cjs.js:1143:16)
      at Object.baseParse (/Users/burningmannn/Desktop/site/server_front/node_modules/@vue/compiler-core/dist/compiler-core.cjs.js:2995:13)
      at Object.parse (/Users/burningmannn/Desktop/site/server_front/node_modules/@vue/compiler-dom/dist/compiler-dom.cjs.js:907:23)
      at Object.parse$1 [as parse] (/Users/burningmannn/Desktop/site/server_front/node_modules/@vue/compiler-sfc/dist/compiler-sfc.cjs.js:1801:24)
      at createDescriptor (file:///Users/burningmannn/Desktop/site/server_front/node_modules/@vitejs/plugin-vue/dist/index.mjs:71:43)
      at handleHotUpdate (file:///Users/burningmannn/Desktop/site/server_front/node_modules/@vitejs/plugin-vue/dist/index.mjs:2198:26)


 ERROR  Pre-transform error: Element is missing end tag.
  Plugin: vite:vue
  File: /Users/burningmannn/Desktop/site/server_front/pages/admin_panel.vue:461:11
  459|        <div class="mb-8">
  460|          <TabView v-model:activeIndex="activeTab" class="custom-tabview">
  461|            <TabPanel header="Справочники">
     |             ^
  462|              <template #header>
  463|                <div class="flex items-center gap-2">


 ERROR  Internal server error: Element is missing end tag.
  Plugin: vite:vue
  File: /Users/burningmannn/Desktop/site/server_front/pages/admin_panel.vue:461:11
  459|        <div class="mb-8">
  460|          <TabView v-model:activeIndex="activeTab" class="custom-tabview">
  461|            <TabPanel header="Справочники">
     |             ^
  462|              <template #header>
  463|                <div class="flex items-center gap-2">
      at createCompilerError (/Users/burningmannn/Desktop/site/server_front/node_modules/@vue/compiler-core/dist/compiler-core.cjs.js:1364:17)
      at emitError (/Users/burningmannn/Desktop/site/server_front/node_modules/@vue/compiler-core/dist/compiler-core.cjs.js:2956:5)
      at Object.onclosetag (/Users/burningmannn/Desktop/site/server_front/node_modules/@vue/compiler-core/dist/compiler-core.cjs.js:2315:13)
      at Tokenizer.stateInClosingTagName (/Users/burningmannn/Desktop/site/server_front/node_modules/@vue/compiler-core/dist/compiler-core.cjs.js:785:16)
      at Tokenizer.parse (/Users/burningmannn/Desktop/site/server_front/node_modules/@vue/compiler-core/dist/compiler-core.cjs.js:1143:16)
      at Object.baseParse (/Users/burningmannn/Desktop/site/server_front/node_modules/@vue/compiler-core/dist/compiler-core.cjs.js:2995:13)
      at Object.parse (/Users/burningmannn/Desktop/site/server_front/node_modules/@vue/compiler-dom/dist/compiler-dom.cjs.js:907:23)
      at Object.parse$1 [as parse] (/Users/burningmannn/Desktop/site/server_front/node_modules/@vue/compiler-sfc/dist/compiler-sfc.cjs.js:1801:24)
      at createDescriptor (file:///Users/burningmannn/Desktop/site/server_front/node_modules/@vitejs/plugin-vue/dist/index.mjs:71:43)
      at handleHotUpdate (file:///Users/burningmannn/Desktop/site/server_front/node_modules/@vitejs/plugin-vue/dist/index.mjs:2198:26)


 ERROR  Internal server error: Element is missing end tag.
  Plugin: vite:vue
  File: /Users/burningmannn/Desktop/site/server_front/pages/admin_panel.vue:461:11
  459|        <div class="mb-8">
  460|          <TabView v-model:activeIndex="activeTab" class="custom-tabview">
  461|            <TabPanel header="Справочники">
     |             ^
  462|              <template #header>
  463|                <div class="flex items-center gap-2">
      at createCompilerError (/Users/burningmannn/Desktop/site/server_front/node_modules/@vue/compiler-core/dist/compiler-core.cjs.js:1364:17)
      at emitError (/Users/burningmannn/Desktop/site/server_front/node_modules/@vue/compiler-core/dist/compiler-core.cjs.js:2956:5)
      at Object.onclosetag (/Users/burningmannn/Desktop/site/server_front/node_modules/@vue/compiler-core/dist/compiler-core.cjs.js:2315:13)
      at Tokenizer.stateInClosingTagName (/Users/burningmannn/Desktop/site/server_front/node_modules/@vue/compiler-core/dist/compiler-core.cjs.js:785:16)
      at Tokenizer.parse (/Users/burningmannn/Desktop/site/server_front/node_modules/@vue/compiler-core/dist/compiler-core.cjs.js:1143:16)
      at Object.baseParse (/Users/burningmannn/Desktop/site/server_front/node_modules/@vue/compiler-core/dist/compiler-core.cjs.js:2995:13)
      at Object.parse (/Users/burningmannn/Desktop/site/server_front/node_modules/@vue/compiler-dom/dist/compiler-dom.cjs.js:907:23)
      at Object.parse$1 [as parse] (/Users/burningmannn/Desktop/site/server_front/node_modules/@vue/compiler-sfc/dist/compiler-sfc.cjs.js:1801:24)
      at createDescriptor (file:///Users/burningmannn/Desktop/site/server_front/node_modules/@vitejs/plugin-vue/dist/index.mjs:71:43)
      at handleHotUpdate (file:///Users/burningmannn/Desktop/site/server_front/node_modules/@vitejs/plugin-vue/dist/index.mjs:2198:26) (x2)

ℹ hmr update /pages/admin_panel.vue, /assets/css/main.css, /pages/admin_panel.vue?macro=true, /@id/virtual:nuxt:%2FUsers%2Fburningmannn%2FDesktop%2Fsite%2Fserver_front%2F.nuxt%2Froutes.mjs

 ERROR  Internal server error: Element is missing end tag.
  Plugin: vite:vue
  File: /Users/burningmannn/Desktop/site/server_front/pages/admin_panel.vue:461:11
  459|        <div class="mb-8">
  460|          <TabView v-model:activeIndex="activeTab" class="custom-tabview">
  461|            <TabPanel header="Справочники">
     |             ^
  462|              <template #header>
  463|                <div class="flex items-center gap-2">
      at createCompilerError (/Users/burningmannn/Desktop/site/server_front/node_modules/@vue/compiler-core/dist/compiler-core.cjs.js:1364:17)
      at emitError (/Users/burningmannn/Desktop/site/server_front/node_modules/@vue/compiler-core/dist/compiler-core.cjs.js:2956:5)
      at Object.onclosetag (/Users/burningmannn/Desktop/site/server_front/node_modules/@vue/compiler-core/dist/compiler-core.cjs.js:2315:13)
      at Tokenizer.stateInClosingTagName (/Users/burningmannn/Desktop/site/server_front/node_modules/@vue/compiler-core/dist/compiler-core.cjs.js:785:16)
      at Tokenizer.parse (/Users/burningmannn/Desktop/site/server_front/node_modules/@vue/compiler-core/dist/compiler-core.cjs.js:1143:16)
      at Object.baseParse (/Users/burningmannn/Desktop/site/server_front/node_modules/@vue/compiler-core/dist/compiler-core.cjs.js:2995:13)
      at Object.parse (/Users/burningmannn/Desktop/site/server_front/node_modules/@vue/compiler-dom/dist/compiler-dom.cjs.js:907:23)
      at Object.parse$1 [as parse] (/Users/burningmannn/Desktop/site/server_front/node_modules/@vue/compiler-sfc/dist/compiler-sfc.cjs.js:1801:24)
      at createDescriptor (file:///Users/burningmannn/Desktop/site/server_front/node_modules/@vitejs/plugin-vue/dist/index.mjs:71:43)
      at handleHotUpdate (file:///Users/burningmannn/Desktop/site/server_front/node_modules/@vitejs/plugin-vue/dist/index.mjs:2198:26)


 ERROR  Internal server error: Element is missing end tag.
  Plugin: vite:vue
  File: /Users/burningmannn/Desktop/site/server_front/pages/admin_panel.vue:461:11
  459|        <div class="mb-8">
  460|          <TabView v-model:activeIndex="activeTab" class="custom-tabview">
  461|            <TabPanel header="Справочники">
     |             ^
  462|              <template #header>
  463|                <div class="flex items-center gap-2">
      at createCompilerError (/Users/burningmannn/Desktop/site/server_front/node_modules/@vue/compiler-core/dist/compiler-core.cjs.js:1364:17)
      at emitError (/Users/burningmannn/Desktop/site/server_front/node_modules/@vue/compiler-core/dist/compiler-core.cjs.js:2956:5)
      at Object.onclosetag (/Users/burningmannn/Desktop/site/server_front/node_modules/@vue/compiler-core/dist/compiler-core.cjs.js:2315:13)
      at Tokenizer.stateInClosingTagName (/Users/burningmannn/Desktop/site/server_front/node_modules/@vue/compiler-core/dist/compiler-core.cjs.js:785:16)
      at Tokenizer.parse (/Users/burningmannn/Desktop/site/server_front/node_modules/@vue/compiler-core/dist/compiler-core.cjs.js:1143:16)
      at Object.baseParse (/Users/burningmannn/Desktop/site/server_front/node_modules/@vue/compiler-core/dist/compiler-core.cjs.js:2995:13)
      at Object.parse (/Users/burningmannn/Desktop/site/server_front/node_modules/@vue/compiler-dom/dist/compiler-dom.cjs.js:907:23)
      at Object.parse$1 [as parse] (/Users/burningmannn/Desktop/site/server_front/node_modules/@vue/compiler-sfc/dist/compiler-sfc.cjs.js:1801:24)
      at createDescriptor (file:///Users/burningmannn/Desktop/site/server_front/node_modules/@vitejs/plugin-vue/dist/index.mjs:71:43)
      at handleHotUpdate (file:///Users/burningmannn/Desktop/site/server_front/node_modules/@vitejs/plugin-vue/dist/index.mjs:2198:26) (x2)


 ERROR  Pre-transform error: Element is missing end tag.
  Plugin: vite:vue
  File: /Users/burningmannn/Desktop/site/server_front/pages/admin_panel.vue:461:11
  459|        <div class="mb-8">
  460|          <TabView v-model:activeIndex="activeTab" class="custom-tabview">
  461|            <TabPanel header="Справочники">
     |             ^
  462|              <template #header>
  463|                <div class="flex items-center gap-2">


 ERROR  Internal server error: Element is missing end tag.
  Plugin: vite:vue
  File: /Users/burningmannn/Desktop/site/server_front/pages/admin_panel.vue:461:11
  459|        <div class="mb-8">
  460|          <TabView v-model:activeIndex="activeTab" class="custom-tabview">
  461|            <TabPanel header="Справочники">
     |             ^
  462|              <template #header>
  463|                <div class="flex items-center gap-2">
      at createCompilerError (/Users/burningmannn/Desktop/site/server_front/node_modules/@vue/compiler-core/dist/compiler-core.cjs.js:1364:17)
      at emitError (/Users/burningmannn/Desktop/site/server_front/node_modules/@vue/compiler-core/dist/compiler-core.cjs.js:2956:5)
      at Object.onclosetag (/Users/burningmannn/Desktop/site/server_front/node_modules/@vue/compiler-core/dist/compiler-core.cjs.js:2315:13)
      at Tokenizer.stateInClosingTagName (/Users/burningmannn/Desktop/site/server_front/node_modules/@vue/compiler-core/dist/compiler-core.cjs.js:785:16)
      at Tokenizer.parse (/Users/burningmannn/Desktop/site/server_front/node_modules/@vue/compiler-core/dist/compiler-core.cjs.js:1143:16)
      at Object.baseParse (/Users/burningmannn/Desktop/site/server_front/node_modules/@vue/compiler-core/dist/compiler-core.cjs.js:2995:13)
      at Object.parse (/Users/burningmannn/Desktop/site/server_front/node_modules/@vue/compiler-dom/dist/compiler-dom.cjs.js:907:23)
      at Object.parse$1 [as parse] (/Users/burningmannn/Desktop/site/server_front/node_modules/@vue/compiler-sfc/dist/compiler-sfc.cjs.js:1801:24)
      at createDescriptor (file:///Users/burningmannn/Desktop/site/server_front/node_modules/@vitejs/plugin-vue/dist/index.mjs:71:43)
      at handleHotUpdate (file:///Users/burningmannn/Desktop/site/server_front/node_modules/@vitejs/plugin-vue/dist/index.mjs:2198:26)

ℹ hmr update /pages/admin_panel.vue, /assets/css/main.css, /pages/admin_panel.vue?macro=true, /@id/virtual:nuxt:%2FUsers%2Fburningmannn%2FDesktop%2Fsite%2Fserver_front%2F.nuxt%2Froutes.mjs

 ERROR  Internal server error: Element is missing end tag.
  Plugin: vite:vue
  File: /Users/burningmannn/Desktop/site/server_front/pages/admin_panel.vue:865:21
  863|                      </template>
  864|                      
  865|                      <template #content>
     |                       ^
  866|                        <div class="p-4">
  867|        <!-- Левая колонка: Создание пользователя -->
      at createCompilerError (/Users/burningmannn/Desktop/site/server_front/node_modules/@vue/compiler-core/dist/compiler-core.cjs.js:1364:17)
      at emitError (/Users/burningmannn/Desktop/site/server_front/node_modules/@vue/compiler-core/dist/compiler-core.cjs.js:2956:5)
      at Object.onclosetag (/Users/burningmannn/Desktop/site/server_front/node_modules/@vue/compiler-core/dist/compiler-core.cjs.js:2315:13)
      at Tokenizer.stateInClosingTagName (/Users/burningmannn/Desktop/site/server_front/node_modules/@vue/compiler-core/dist/compiler-core.cjs.js:785:16)
      at Tokenizer.parse (/Users/burningmannn/Desktop/site/server_front/node_modules/@vue/compiler-core/dist/compiler-core.cjs.js:1143:16)
      at Object.baseParse (/Users/burningmannn/Desktop/site/server_front/node_modules/@vue/compiler-core/dist/compiler-core.cjs.js:2995:13)
      at Object.parse (/Users/burningmannn/Desktop/site/server_front/node_modules/@vue/compiler-dom/dist/compiler-dom.cjs.js:907:23)
      at Object.parse$1 [as parse] (/Users/burningmannn/Desktop/site/server_front/node_modules/@vue/compiler-sfc/dist/compiler-sfc.cjs.js:1801:24)
      at createDescriptor (file:///Users/burningmannn/Desktop/site/server_front/node_modules/@vitejs/plugin-vue/dist/index.mjs:71:43)
      at handleHotUpdate (file:///Users/burningmannn/Desktop/site/server_front/node_modules/@vitejs/plugin-vue/dist/index.mjs:2198:26)


 ERROR  Internal server error: Element is missing end tag.
  Plugin: vite:vue
  File: /Users/burningmannn/Desktop/site/server_front/pages/admin_panel.vue:865:21
  863|                      </template>
  864|                      
  865|                      <template #content>
     |                       ^
  866|                        <div class="p-4">
  867|        <!-- Левая колонка: Создание пользователя -->
      at createCompilerError (/Users/burningmannn/Desktop/site/server_front/node_modules/@vue/compiler-core/dist/compiler-core.cjs.js:1364:17)
      at emitError (/Users/burningmannn/Desktop/site/server_front/node_modules/@vue/compiler-core/dist/compiler-core.cjs.js:2956:5)
      at Object.onclosetag (/Users/burningmannn/Desktop/site/server_front/node_modules/@vue/compiler-core/dist/compiler-core.cjs.js:2315:13)
      at Tokenizer.stateInClosingTagName (/Users/burningmannn/Desktop/site/server_front/node_modules/@vue/compiler-core/dist/compiler-core.cjs.js:785:16)
      at Tokenizer.parse (/Users/burningmannn/Desktop/site/server_front/node_modules/@vue/compiler-core/dist/compiler-core.cjs.js:1143:16)
      at Object.baseParse (/Users/burningmannn/Desktop/site/server_front/node_modules/@vue/compiler-core/dist/compiler-core.cjs.js:2995:13)
      at Object.parse (/Users/burningmannn/Desktop/site/server_front/node_modules/@vue/compiler-dom/dist/compiler-dom.cjs.js:907:23)
      at Object.parse$1 [as parse] (/Users/burningmannn/Desktop/site/server_front/node_modules/@vue/compiler-sfc/dist/compiler-sfc.cjs.js:1801:24)
      at createDescriptor (file:///Users/burningmannn/Desktop/site/server_front/node_modules/@vitejs/plugin-vue/dist/index.mjs:71:43)
      at handleHotUpdate (file:///Users/burningmannn/Desktop/site/server_front/node_modules/@vitejs/plugin-vue/dist/index.mjs:2198:26) (x2)


 ERROR  Pre-transform error: Element is missing end tag.
  Plugin: vite:vue
  File: /Users/burningmannn/Desktop/site/server_front/pages/admin_panel.vue:865:21
  863|                      </template>
  864|                      
  865|                      <template #content>
     |                       ^
  866|                        <div class="p-4">
  867|        <!-- Левая колонка: Создание пользователя -->


 ERROR  Internal server error: Element is missing end tag.
  Plugin: vite:vue
  File: /Users/burningmannn/Desktop/site/server_front/pages/admin_panel.vue:865:21
  863|                      </template>
  864|                      
  865|                      <template #content>
     |                       ^
  866|                        <div class="p-4">
  867|        <!-- Левая колонка: Создание пользователя -->
      at createCompilerError (/Users/burningmannn/Desktop/site/server_front/node_modules/@vue/compiler-core/dist/compiler-core.cjs.js:1364:17)
      at emitError (/Users/burningmannn/Desktop/site/server_front/node_modules/@vue/compiler-core/dist/compiler-core.cjs.js:2956:5)
      at Object.onclosetag (/Users/burningmannn/Desktop/site/server_front/node_modules/@vue/compiler-core/dist/compiler-core.cjs.js:2315:13)
      at Tokenizer.stateInClosingTagName (/Users/burningmannn/Desktop/site/server_front/node_modules/@vue/compiler-core/dist/compiler-core.cjs.js:785:16)
      at Tokenizer.parse (/Users/burningmannn/Desktop/site/server_front/node_modules/@vue/compiler-core/dist/compiler-core.cjs.js:1143:16)
      at Object.baseParse (/Users/burningmannn/Desktop/site/server_front/node_modules/@vue/compiler-core/dist/compiler-core.cjs.js:2995:13)
      at Object.parse (/Users/burningmannn/Desktop/site/server_front/node_modules/@vue/compiler-dom/dist/compiler-dom.cjs.js:907:23)
      at Object.parse$1 [as parse] (/Users/burningmannn/Desktop/site/server_front/node_modules/@vue/compiler-sfc/dist/compiler-sfc.cjs.js:1801:24)
      at createDescriptor (file:///Users/burningmannn/Desktop/site/server_front/node_modules/@vitejs/plugin-vue/dist/index.mjs:71:43)
      at handleHotUpdate (file:///Users/burningmannn/Desktop/site/server_front/node_modules/@vitejs/plugin-vue/dist/index.mjs:2198:26)


 ERROR  Internal server error: Element is missing end tag.
  Plugin: vite:vue
  File: /Users/burningmannn/Desktop/site/server_front/pages/admin_panel.vue:865:21
  863|                      </template>
  864|                      
  865|                      <template #content>
     |                       ^
  866|                        <div class="p-4">
  867|        <!-- Левая колонка: Создание пользователя -->
      at createCompilerError (/Users/burningmannn/Desktop/site/server_front/node_modules/@vue/compiler-core/dist/compiler-core.cjs.js:1364:17)
      at emitError (/Users/burningmannn/Desktop/site/server_front/node_modules/@vue/compiler-core/dist/compiler-core.cjs.js:2956:5)
      at Object.onclosetag (/Users/burningmannn/Desktop/site/server_front/node_modules/@vue/compiler-core/dist/compiler-core.cjs.js:2315:13)
      at Tokenizer.stateInClosingTagName (/Users/burningmannn/Desktop/site/server_front/node_modules/@vue/compiler-core/dist/compiler-core.cjs.js:785:16)
      at Tokenizer.parse (/Users/burningmannn/Desktop/site/server_front/node_modules/@vue/compiler-core/dist/compiler-core.cjs.js:1143:16)
      at Object.baseParse (/Users/burningmannn/Desktop/site/server_front/node_modules/@vue/compiler-core/dist/compiler-core.cjs.js:2995:13)
      at Object.parse (/Users/burningmannn/Desktop/site/server_front/node_modules/@vue/compiler-dom/dist/compiler-dom.cjs.js:907:23)
      at Object.parse$1 [as parse] (/Users/burningmannn/Desktop/site/server_front/node_modules/@vue/compiler-sfc/dist/compiler-sfc.cjs.js:1801:24)
      at createDescriptor (file:///Users/burningmannn/Desktop/site/server_front/node_modules/@vitejs/plugin-vue/dist/index.mjs:71:43)
      at handleHotUpdate (file:///Users/burningmannn/Desktop/site/server_front/node_modules/@vitejs/plugin-vue/dist/index.mjs:2198:26) (x2)


 ERROR  Internal server error: Element is missing end tag.
  Plugin: vite:vue
  File: /Users/burningmannn/Desktop/site/server_front/pages/admin_panel.vue:865:21
  863|                      </template>
  864|                      
  865|                      <template #content>
     |                       ^
  866|                        <div class="p-4">
  867|        <!-- Левая колонка: Создание пользователя -->
      at createCompilerError (/Users/burningmannn/Desktop/site/server_front/node_modules/@vue/compiler-core/dist/compiler-core.cjs.js:1364:17)
      at emitError (/Users/burningmannn/Desktop/site/server_front/node_modules/@vue/compiler-core/dist/compiler-core.cjs.js:2956:5)
      at Object.onclosetag (/Users/burningmannn/Desktop/site/server_front/node_modules/@vue/compiler-core/dist/compiler-core.cjs.js:2315:13)
      at Tokenizer.stateInClosingTagName (/Users/burningmannn/Desktop/site/server_front/node_modules/@vue/compiler-core/dist/compiler-core.cjs.js:785:16)
      at Tokenizer.parse (/Users/burningmannn/Desktop/site/server_front/node_modules/@vue/compiler-core/dist/compiler-core.cjs.js:1143:16)
      at Object.baseParse (/Users/burningmannn/Desktop/site/server_front/node_modules/@vue/compiler-core/dist/compiler-core.cjs.js:2995:13)
      at Object.parse (/Users/burningmannn/Desktop/site/server_front/node_modules/@vue/compiler-dom/dist/compiler-dom.cjs.js:907:23)
      at Object.parse$1 [as parse] (/Users/burningmannn/Desktop/site/server_front/node_modules/@vue/compiler-sfc/dist/compiler-sfc.cjs.js:1801:24)
      at createDescriptor (file:///Users/burningmannn/Desktop/site/server_front/node_modules/@vitejs/plugin-vue/dist/index.mjs:71:43)
      at handleHotUpdate (file:///Users/burningmannn/Desktop/site/server_front/node_modules/@vitejs/plugin-vue/dist/index.mjs:2198:26) (x3)


 ERROR  Internal server error: Element is missing end tag.
  Plugin: vite:vue
  File: /Users/burningmannn/Desktop/site/server_front/pages/admin_panel.vue:865:21
  863|                      </template>
  864|                      
  865|                      <template #content>
     |                       ^
  866|                        <div class="p-4">
  867|        <!-- Левая колонка: Создание пользователя -->
      at createCompilerError (/Users/burningmannn/Desktop/site/server_front/node_modules/@vue/compiler-core/dist/compiler-core.cjs.js:1364:17)
      at emitError (/Users/burningmannn/Desktop/site/server_front/node_modules/@vue/compiler-core/dist/compiler-core.cjs.js:2956:5)
      at Object.onclosetag (/Users/burningmannn/Desktop/site/server_front/node_modules/@vue/compiler-core/dist/compiler-core.cjs.js:2315:13)
      at Tokenizer.stateInClosingTagName (/Users/burningmannn/Desktop/site/server_front/node_modules/@vue/compiler-core/dist/compiler-core.cjs.js:785:16)
      at Tokenizer.parse (/Users/burningmannn/Desktop/site/server_front/node_modules/@vue/compiler-core/dist/compiler-core.cjs.js:1143:16)
      at Object.baseParse (/Users/burningmannn/Desktop/site/server_front/node_modules/@vue/compiler-core/dist/compiler-core.cjs.js:2995:13)
      at Object.parse (/Users/burningmannn/Desktop/site/server_front/node_modules/@vue/compiler-dom/dist/compiler-dom.cjs.js:907:23)
      at Object.parse$1 [as parse] (/Users/burningmannn/Desktop/site/server_front/node_modules/@vue/compiler-sfc/dist/compiler-sfc.cjs.js:1801:24)
      at createDescriptor (file:///Users/burningmannn/Desktop/site/server_front/node_modules/@vitejs/plugin-vue/dist/index.mjs:71:43)
      at handleHotUpdate (file:///Users/burningmannn/Desktop/site/server_front/node_modules/@vitejs/plugin-vue/dist/index.mjs:2198:26) (x4)

ℹ hmr update /@id/virtual:nuxt:%2FUsers%2Fburningmannn%2FDesktop%2Fsite%2Fserver_front%2F.nuxt%2Froutes.mjs
ℹ hmr update /@id/virtual:nuxt:%2FUsers%2Fburningmannn%2FDesktop%2Fsite%2Fserver_front%2F.nuxt%2Froutes.mjs (x2)

 ERROR  Pre-transform error: Element is missing end tag.
  Plugin: vite:vue
  File: /Users/burningmannn/Desktop/site/server_front/pages/admin_panel.vue:865:21
  863|                      </template>
  864|                      
  865|                      <template #content>
     |                       ^
  866|                        <div class="p-4">
  867|        <!-- Левая колонка: Создание пользователя -->


 ERROR  Internal server error: Element is missing end tag.
  Plugin: vite:vue
  File: /Users/burningmannn/Desktop/site/server_front/pages/admin_panel.vue:865:21
  863|                      </template>
  864|                      
  865|                      <template #content>
     |                       ^
  866|                        <div class="p-4">
  867|        <!-- Левая колонка: Создание пользователя -->
      at createCompilerError (/Users/burningmannn/Desktop/site/server_front/node_modules/@vue/compiler-core/dist/compiler-core.cjs.js:1364:17)
      at emitError (/Users/burningmannn/Desktop/site/server_front/node_modules/@vue/compiler-core/dist/compiler-core.cjs.js:2956:5)
      at Object.onclosetag (/Users/burningmannn/Desktop/site/server_front/node_modules/@vue/compiler-core/dist/compiler-core.cjs.js:2315:13)
      at Tokenizer.stateInClosingTagName (/Users/burningmannn/Desktop/site/server_front/node_modules/@vue/compiler-core/dist/compiler-core.cjs.js:785:16)
      at Tokenizer.parse (/Users/burningmannn/Desktop/site/server_front/node_modules/@vue/compiler-core/dist/compiler-core.cjs.js:1143:16)
      at Object.baseParse (/Users/burningmannn/Desktop/site/server_front/node_modules/@vue/compiler-core/dist/compiler-core.cjs.js:2995:13)
      at Object.parse (/Users/burningmannn/Desktop/site/server_front/node_modules/@vue/compiler-dom/dist/compiler-dom.cjs.js:907:23)
      at Object.parse$1 [as parse] (/Users/burningmannn/Desktop/site/server_front/node_modules/@vue/compiler-sfc/dist/compiler-sfc.cjs.js:1801:24)
      at createDescriptor (file:///Users/burningmannn/Desktop/site/server_front/node_modules/@vitejs/plugin-vue/dist/index.mjs:71:43)
      at handleHotUpdate (file:///Users/burningmannn/Desktop/site/server_front/node_modules/@vitejs/plugin-vue/dist/index.mjs:2198:26)


 ERROR  Internal server error: Element is missing end tag.
  Plugin: vite:vue
  File: /Users/burningmannn/Desktop/site/server_front/pages/admin_panel.vue:865:21
  863|                      </template>
  864|                      
  865|                      <template #content>
     |                       ^
  866|                        <div class="p-4">
  867|        <!-- Левая колонка: Создание пользователя -->
      at createCompilerError (/Users/burningmannn/Desktop/site/server_front/node_modules/@vue/compiler-core/dist/compiler-core.cjs.js:1364:17)
      at emitError (/Users/burningmannn/Desktop/site/server_front/node_modules/@vue/compiler-core/dist/compiler-core.cjs.js:2956:5)
      at Object.onclosetag (/Users/burningmannn/Desktop/site/server_front/node_modules/@vue/compiler-core/dist/compiler-core.cjs.js:2315:13)
      at Tokenizer.stateInClosingTagName (/Users/burningmannn/Desktop/site/server_front/node_modules/@vue/compiler-core/dist/compiler-core.cjs.js:785:16)
      at Tokenizer.parse (/Users/burningmannn/Desktop/site/server_front/node_modules/@vue/compiler-core/dist/compiler-core.cjs.js:1143:16)
      at Object.baseParse (/Users/burningmannn/Desktop/site/server_front/node_modules/@vue/compiler-core/dist/compiler-core.cjs.js:2995:13)
      at Object.parse (/Users/burningmannn/Desktop/site/server_front/node_modules/@vue/compiler-dom/dist/compiler-dom.cjs.js:907:23)
      at Object.parse$1 [as parse] (/Users/burningmannn/Desktop/site/server_front/node_modules/@vue/compiler-sfc/dist/compiler-sfc.cjs.js:1801:24)
      at createDescriptor (file:///Users/burningmannn/Desktop/site/server_front/node_modules/@vitejs/plugin-vue/dist/index.mjs:71:43)
      at handleHotUpdate (file:///Users/burningmannn/Desktop/site/server_front/node_modules/@vitejs/plugin-vue/dist/index.mjs:2198:26) (x2)


 ERROR  Internal server error: Element is missing end tag.
  Plugin: vite:vue
  File: /Users/burningmannn/Desktop/site/server_front/pages/admin_panel.vue:865:21
  863|                      </template>
  864|                      
  865|                      <template #content>
     |                       ^
  866|                        <div class="p-4">
  867|        <!-- Левая колонка: Создание пользователя -->
      at createCompilerError (/Users/burningmannn/Desktop/site/server_front/node_modules/@vue/compiler-core/dist/compiler-core.cjs.js:1364:17)
      at emitError (/Users/burningmannn/Desktop/site/server_front/node_modules/@vue/compiler-core/dist/compiler-core.cjs.js:2956:5)
      at Object.onclosetag (/Users/burningmannn/Desktop/site/server_front/node_modules/@vue/compiler-core/dist/compiler-core.cjs.js:2315:13)
      at Tokenizer.stateInClosingTagName (/Users/burningmannn/Desktop/site/server_front/node_modules/@vue/compiler-core/dist/compiler-core.cjs.js:785:16)
      at Tokenizer.parse (/Users/burningmannn/Desktop/site/server_front/node_modules/@vue/compiler-core/dist/compiler-core.cjs.js:1143:16)
      at Object.baseParse (/Users/burningmannn/Desktop/site/server_front/node_modules/@vue/compiler-core/dist/compiler-core.cjs.js:2995:13)
      at Object.parse (/Users/burningmannn/Desktop/site/server_front/node_modules/@vue/compiler-dom/dist/compiler-dom.cjs.js:907:23)
      at Object.parse$1 [as parse] (/Users/burningmannn/Desktop/site/server_front/node_modules/@vue/compiler-sfc/dist/compiler-sfc.cjs.js:1801:24)
      at createDescriptor (file:///Users/burningmannn/Desktop/site/server_front/node_modules/@vitejs/plugin-vue/dist/index.mjs:71:43)
      at handleHotUpdate (file:///Users/burningmannn/Desktop/site/server_front/node_modules/@vitejs/plugin-vue/dist/index.mjs:2198:26) (x3)

ℹ hmr update /pages/admin_panel.vue, /assets/css/main.css, /pages/admin_panel.vue?macro=true, /@id/virtual:nuxt:%2FUsers%2Fburningmannn%2FDesktop%2Fsite%2Fserver_front%2F.nuxt%2Froutes.mjs

 ERROR  Pre-transform error: Can't resolve '/assets/css/admin-panel.css' in '/Users/burningmannn/Desktop/site/server_front/pages'
  Plugin: @tailwindcss/vite:generate:serve
  File: /Users/burningmannn/Desktop/site/server_front/pages/admin_panel.vue?vue&type=style&index=0&scoped=35a67c37&lang.css


 ERROR  Internal server error: Failed to resolve import "primevue/api" from "pages/admin_panel.vue". Does the file exist?
  Plugin: vite:import-analysis
  File: /Users/burningmannn/Desktop/site/server_front/pages/admin_panel.vue:3:32
  19 |  import { defineComponent as _defineComponent } from "vue";
  20 |  import { ref, reactive, onMounted } from "vue";
  21 |  import { FilterMatchMode } from "primevue/api";
     |                                   ^
  22 |  import { useToast } from "primevue/usetoast";
  23 |  import { useConfirm } from "primevue/useconfirm";
      at TransformPluginContext._formatLog (file:///Users/burningmannn/Desktop/site/server_front/node_modules/vite/dist/node/chunks/dep-DBxKXgDP.js:42499:41)
      at TransformPluginContext.error (file:///Users/burningmannn/Desktop/site/server_front/node_modules/vite/dist/node/chunks/dep-DBxKXgDP.js:42496:16)
      at normalizeUrl (file:///Users/burningmannn/Desktop/site/server_front/node_modules/vite/dist/node/chunks/dep-DBxKXgDP.js:40475:23)
      at process.processTicksAndRejections (node:internal/process/task_queues:95:5)
      at async file:///Users/burningmannn/Desktop/site/server_front/node_modules/vite/dist/node/chunks/dep-DBxKXgDP.js:40594:37
      at async Promise.all (index 20)
      at async TransformPluginContext.transform (file:///Users/burningmannn/Desktop/site/server_front/node_modules/vite/dist/node/chunks/dep-DBxKXgDP.js:40521:7)
      at async file:///Users/burningmannn/Desktop/site/server_front/node_modules/vite-plugin-inspect/dist/shared/vite-plugin-inspect.BzUKaD4x.mjs:403:17
      at async EnvironmentPluginContainer.transform (file:///Users/burningmannn/Desktop/site/server_front/node_modules/vite/dist/node/chunks/dep-DBxKXgDP.js:42294:18)
      at async loadAndTransform (file:///Users/burningmannn/Desktop/site/server_front/node_modules/vite/dist/node/chunks/dep-DBxKXgDP.js:35735:27)


 ERROR  Pre-transform error: Can't resolve '/assets/css/admin-panel.css' in '/Users/burningmannn/Desktop/site/server_front/pages'
  Plugin: @tailwindcss/vite:generate:serve
  File: /Users/burningmannn/Desktop/site/server_front/pages/admin_panel.vue?vue&type=style&index=0&scoped=35a67c37&lang.css


 ERROR  Internal server error: Failed to resolve import "primevue/api" from "pages/admin_panel.vue". Does the file exist?
  Plugin: vite:import-analysis
  File: /Users/burningmannn/Desktop/site/server_front/pages/admin_panel.vue:3:32
  19 |  import { defineComponent as _defineComponent } from "vue";
  20 |  import { ref, reactive, onMounted } from "vue";
  21 |  import { FilterMatchMode } from "primevue/api";
     |                                   ^
  22 |  import { useToast } from "primevue/usetoast";
  23 |  import { useConfirm } from "primevue/useconfirm";
      at TransformPluginContext._formatLog (file:///Users/burningmannn/Desktop/site/server_front/node_modules/vite/dist/node/chunks/dep-DBxKXgDP.js:42499:41)
      at TransformPluginContext.error (file:///Users/burningmannn/Desktop/site/server_front/node_modules/vite/dist/node/chunks/dep-DBxKXgDP.js:42496:16)
      at normalizeUrl (file:///Users/burningmannn/Desktop/site/server_front/node_modules/vite/dist/node/chunks/dep-DBxKXgDP.js:40475:23)
      at process.processTicksAndRejections (node:internal/process/task_queues:95:5)
      at async file:///Users/burningmannn/Desktop/site/server_front/node_modules/vite/dist/node/chunks/dep-DBxKXgDP.js:40594:37
      at async Promise.all (index 20)
      at async TransformPluginContext.transform (file:///Users/burningmannn/Desktop/site/server_front/node_modules/vite/dist/node/chunks/dep-DBxKXgDP.js:40521:7)
      at async file:///Users/burningmannn/Desktop/site/server_front/node_modules/vite-plugin-inspect/dist/shared/vite-plugin-inspect.BzUKaD4x.mjs:403:17
      at async EnvironmentPluginContainer.transform (file:///Users/burningmannn/Desktop/site/server_front/node_modules/vite/dist/node/chunks/dep-DBxKXgDP.js:42294:18)
      at async loadAndTransform (file:///Users/burningmannn/Desktop/site/server_front/node_modules/vite/dist/node/chunks/dep-DBxKXgDP.js:35735:27)

ℹ ✨ new dependencies optimized: primevue/tabview, primevue/tabpanel
ℹ ✨ optimized dependencies changed. reloading

 ERROR  Pre-transform error: Can't resolve '/assets/css/admin-panel.css' in '/Users/burningmannn/Desktop/site/server_front/pages'
  Plugin: @tailwindcss/vite:generate:serve
  File: /Users/burningmannn/Desktop/site/server_front/pages/admin_panel.vue?vue&type=style&index=0&scoped=35a67c37&lang.css


 ERROR  Internal server error: Failed to resolve import "primevue/api" from "pages/admin_panel.vue". Does the file exist?
  Plugin: vite:import-analysis
  File: /Users/burningmannn/Desktop/site/server_front/pages/admin_panel.vue:3:32
  19 |  import { defineComponent as _defineComponent } from "vue";
  20 |  import { ref, reactive, onMounted } from "vue";
  21 |  import { FilterMatchMode } from "primevue/api";
     |                                   ^
  22 |  import { useToast } from "primevue/usetoast";
  23 |  import { useConfirm } from "primevue/useconfirm";
      at TransformPluginContext._formatLog (file:///Users/burningmannn/Desktop/site/server_front/node_modules/vite/dist/node/chunks/dep-DBxKXgDP.js:42499:41)
      at TransformPluginContext.error (file:///Users/burningmannn/Desktop/site/server_front/node_modules/vite/dist/node/chunks/dep-DBxKXgDP.js:42496:16)
      at normalizeUrl (file:///Users/burningmannn/Desktop/site/server_front/node_modules/vite/dist/node/chunks/dep-DBxKXgDP.js:40475:23)
      at process.processTicksAndRejections (node:internal/process/task_queues:95:5)
      at async file:///Users/burningmannn/Desktop/site/server_front/node_modules/vite/dist/node/chunks/dep-DBxKXgDP.js:40594:37
      at async Promise.all (index 20)
      at async TransformPluginContext.transform (file:///Users/burningmannn/Desktop/site/server_front/node_modules/vite/dist/node/chunks/dep-DBxKXgDP.js:40521:7)
      at async file:///Users/burningmannn/Desktop/site/server_front/node_modules/vite-plugin-inspect/dist/shared/vite-plugin-inspect.BzUKaD4x.mjs:403:17
      at async EnvironmentPluginContainer.transform (file:///Users/burningmannn/Desktop/site/server_front/node_modules/vite/dist/node/chunks/dep-DBxKXgDP.js:42294:18)
      at async loadAndTransform (file:///Users/burningmannn/Desktop/site/server_front/node_modules/vite/dist/node/chunks/dep-DBxKXgDP.js:35735:27)


 ERROR  Pre-transform error: Can't resolve '/assets/css/admin-panel.css' in '/Users/burningmannn/Desktop/site/server_front/pages'
  Plugin: @tailwindcss/vite:generate:serve
  File: /Users/burningmannn/Desktop/site/server_front/pages/admin_panel.vue?vue&type=style&index=0&scoped=35a67c37&lang.css


 ERROR  Internal server error: Failed to resolve import "primevue/api" from "pages/admin_panel.vue". Does the file exist?
  Plugin: vite:import-analysis
  File: /Users/burningmannn/Desktop/site/server_front/pages/admin_panel.vue:3:32
  19 |  import { defineComponent as _defineComponent } from "vue";
  20 |  import { ref, reactive, onMounted } from "vue";
  21 |  import { FilterMatchMode } from "primevue/api";
     |                                   ^
  22 |  import { useToast } from "primevue/usetoast";
  23 |  import { useConfirm } from "primevue/useconfirm";
      at TransformPluginContext._formatLog (file:///Users/burningmannn/Desktop/site/server_front/node_modules/vite/dist/node/chunks/dep-DBxKXgDP.js:42499:41)
      at TransformPluginContext.error (file:///Users/burningmannn/Desktop/site/server_front/node_modules/vite/dist/node/chunks/dep-DBxKXgDP.js:42496:16)
      at normalizeUrl (file:///Users/burningmannn/Desktop/site/server_front/node_modules/vite/dist/node/chunks/dep-DBxKXgDP.js:40475:23)
      at process.processTicksAndRejections (node:internal/process/task_queues:95:5)
      at async file:///Users/burningmannn/Desktop/site/server_front/node_modules/vite/dist/node/chunks/dep-DBxKXgDP.js:40594:37
      at async Promise.all (index 20)
      at async TransformPluginContext.transform (file:///Users/burningmannn/Desktop/site/server_front/node_modules/vite/dist/node/chunks/dep-DBxKXgDP.js:40521:7)
      at async file:///Users/burningmannn/Desktop/site/server_front/node_modules/vite-plugin-inspect/dist/shared/vite-plugin-inspect.BzUKaD4x.mjs:403:17
      at async EnvironmentPluginContainer.transform (file:///Users/burningmannn/Desktop/site/server_front/node_modules/vite/dist/node/chunks/dep-DBxKXgDP.js:42294:18)
      at async loadAndTransform (file:///Users/burningmannn/Desktop/site/server_front/node_modules/vite/dist/node/chunks/dep-DBxKXgDP.js:35735:27)

ℹ hmr update /pages/admin_panel_new.vue?macro=true
ℹ hmr update /@id/virtual:nuxt:%2FUsers%2Fburningmannn%2FDesktop%2Fsite%2Fserver_front%2F.nuxt%2Froutes.mjs
ℹ hmr update /@id/virtual:nuxt:%2FUsers%2Fburningmannn%2FDesktop%2Fsite%2Fserver_front%2F.nuxt%2Froutes.mjs (x2)

 ERROR  Pre-transform error: Can't resolve '/assets/css/admin-panel.css' in '/Users/burningmannn/Desktop/site/server_front/pages'
  Plugin: @tailwindcss/vite:generate:serve
  File: /Users/burningmannn/Desktop/site/server_front/pages/admin_panel.vue?vue&type=style&index=0&scoped=35a67c37&lang.css


 ERROR  Internal server error: Failed to resolve import "primevue/api" from "pages/admin_panel.vue". Does the file exist?
  Plugin: vite:import-analysis
  File: /Users/burningmannn/Desktop/site/server_front/pages/admin_panel.vue:3:32
  19 |  import { defineComponent as _defineComponent } from "vue";
  20 |  import { ref, reactive, onMounted } from "vue";
  21 |  import { FilterMatchMode } from "primevue/api";
     |                                   ^
  22 |  import { useToast } from "primevue/usetoast";
  23 |  import { useConfirm } from "primevue/useconfirm";
      at TransformPluginContext._formatLog (file:///Users/burningmannn/Desktop/site/server_front/node_modules/vite/dist/node/chunks/dep-DBxKXgDP.js:42499:41)
      at TransformPluginContext.error (file:///Users/burningmannn/Desktop/site/server_front/node_modules/vite/dist/node/chunks/dep-DBxKXgDP.js:42496:16)
      at normalizeUrl (file:///Users/burningmannn/Desktop/site/server_front/node_modules/vite/dist/node/chunks/dep-DBxKXgDP.js:40475:23)
      at process.processTicksAndRejections (node:internal/process/task_queues:95:5)
      at async file:///Users/burningmannn/Desktop/site/server_front/node_modules/vite/dist/node/chunks/dep-DBxKXgDP.js:40594:37
      at async Promise.all (index 20)
      at async TransformPluginContext.transform (file:///Users/burningmannn/Desktop/site/server_front/node_modules/vite/dist/node/chunks/dep-DBxKXgDP.js:40521:7)
      at async file:///Users/burningmannn/Desktop/site/server_front/node_modules/vite-plugin-inspect/dist/shared/vite-plugin-inspect.BzUKaD4x.mjs:403:17
      at async EnvironmentPluginContainer.transform (file:///Users/burningmannn/Desktop/site/server_front/node_modules/vite/dist/node/chunks/dep-DBxKXgDP.js:42294:18)
      at async loadAndTransform (file:///Users/burningmannn/Desktop/site/server_front/node_modules/vite/dist/node/chunks/dep-DBxKXgDP.js:35735:27)


 ERROR  Pre-transform error: Can't resolve '/assets/css/admin-panel.css' in '/Users/burningmannn/Desktop/site/server_front/pages'
  Plugin: @tailwindcss/vite:generate:serve
  File: /Users/burningmannn/Desktop/site/server_front/pages/admin_panel.vue?vue&type=style&index=0&scoped=35a67c37&lang.css


 ERROR  Internal server error: Failed to resolve import "primevue/api" from "pages/admin_panel.vue". Does the file exist?
  Plugin: vite:import-analysis
  File: /Users/burningmannn/Desktop/site/server_front/pages/admin_panel.vue:3:32
  19 |  import { defineComponent as _defineComponent } from "vue";
  20 |  import { ref, reactive, onMounted } from "vue";
  21 |  import { FilterMatchMode } from "primevue/api";
     |                                   ^
  22 |  import { useToast } from "primevue/usetoast";
  23 |  import { useConfirm } from "primevue/useconfirm";
      at TransformPluginContext._formatLog (file:///Users/burningmannn/Desktop/site/server_front/node_modules/vite/dist/node/chunks/dep-DBxKXgDP.js:42499:41)
      at TransformPluginContext.error (file:///Users/burningmannn/Desktop/site/server_front/node_modules/vite/dist/node/chunks/dep-DBxKXgDP.js:42496:16)
      at normalizeUrl (file:///Users/burningmannn/Desktop/site/server_front/node_modules/vite/dist/node/chunks/dep-DBxKXgDP.js:40475:23)
      at process.processTicksAndRejections (node:internal/process/task_queues:95:5)
      at async file:///Users/burningmannn/Desktop/site/server_front/node_modules/vite/dist/node/chunks/dep-DBxKXgDP.js:40594:37
      at async Promise.all (index 20)
      at async TransformPluginContext.transform (file:///Users/burningmannn/Desktop/site/server_front/node_modules/vite/dist/node/chunks/dep-DBxKXgDP.js:40521:7)
      at async file:///Users/burningmannn/Desktop/site/server_front/node_modules/vite-plugin-inspect/dist/shared/vite-plugin-inspect.BzUKaD4x.mjs:403:17
      at async EnvironmentPluginContainer.transform (file:///Users/burningmannn/Desktop/site/server_front/node_modules/vite/dist/node/chunks/dep-DBxKXgDP.js:42294:18)
      at async loadAndTransform (file:///Users/burningmannn/Desktop/site/server_front/node_modules/vite/dist/node/chunks/dep-DBxKXgDP.js:35735:27)

